2025-02-04 20:45:59,006 INFO o.a.j.u.JMeterUtils: Setting Locale to en_EN
2025-02-04 20:45:59,025 INFO o.a.j.JMeter: Loading user properties from: E:\Pelatihan\Sanbercode - Quality Assurance\Latihan JMeter\apache-jmeter-5.6.3\bin\user.properties
2025-02-04 20:45:59,026 INFO o.a.j.JMeter: Loading system properties from: E:\Pelatihan\Sanbercode - Quality Assurance\Latihan JMeter\apache-jmeter-5.6.3\bin\system.properties
2025-02-04 20:45:59,032 INFO o.a.j.JMeter: Copyright (c) 1998-2024 The Apache Software Foundation
2025-02-04 20:45:59,032 INFO o.a.j.JMeter: Version 5.6.3
2025-02-04 20:45:59,032 INFO o.a.j.JMeter: java.version=23.0.2
2025-02-04 20:45:59,032 INFO o.a.j.JMeter: java.vm.name=Java HotSpot(TM) 64-Bit Server VM
2025-02-04 20:45:59,032 INFO o.a.j.JMeter: os.name=Windows 10
2025-02-04 20:45:59,032 INFO o.a.j.JMeter: os.arch=amd64
2025-02-04 20:45:59,032 INFO o.a.j.JMeter: os.version=10.0
2025-02-04 20:45:59,032 INFO o.a.j.JMeter: file.encoding=UTF-8
2025-02-04 20:45:59,032 INFO o.a.j.JMeter: java.awt.headless=null
2025-02-04 20:45:59,032 INFO o.a.j.JMeter: Max memory     =1073741824
2025-02-04 20:45:59,033 INFO o.a.j.JMeter: Available Processors =8
2025-02-04 20:45:59,045 INFO o.a.j.JMeter: Default Locale=English (EN)
2025-02-04 20:45:59,045 INFO o.a.j.JMeter: JMeter  Locale=English (EN)
2025-02-04 20:45:59,045 INFO o.a.j.JMeter: JMeterHome=E:\Pelatihan\Sanbercode - Quality Assurance\Latihan JMeter\apache-jmeter-5.6.3
2025-02-04 20:45:59,045 INFO o.a.j.JMeter: user.dir  =E:\Pelatihan\Sanbercode - Quality Assurance\Final Project QA\File_Project
2025-02-04 20:45:59,046 INFO o.a.j.JMeter: PWD       =E:\Pelatihan\Sanbercode - Quality Assurance\Final Project QA\File_Project
2025-02-04 20:45:59,046 INFO o.a.j.JMeter: IP: 192.168.2.103 Name: redmi-note-9-pro FullName: redmi-note-9-pro
2025-02-04 20:45:59,063 INFO o.a.j.JMeter: Loaded icon properties from org/apache/jmeter/images/icon.properties
2025-02-04 20:45:59,210 INFO o.a.j.JMeterGuiLauncher: Setting LAF to: com.github.weisj.darklaf.DarkLaf:com.github.weisj.darklaf.theme.DarculaTheme
2025-02-04 20:46:00,340 INFO o.a.j.r.ClassFinder: Will scan jar E:\Pelatihan\Sanbercode - Quality Assurance\Latihan JMeter\apache-jmeter-5.6.3\lib\ext\tag-jmeter-extn-1.1.jar with filter ExtendsClassFilter [parents=[interface org.apache.jmeter.gui.action.Command], inner=false, contains=null, notContains=null]. Consider exposing JMeter plugins via META-INF/services, and add JMeter-Skip-Class-Scanning=true manifest attribute so JMeter can skip classfile scanning
2025-02-04 20:46:00,391 INFO o.a.j.r.ClassFinder: Will scan jar E:\Pelatihan\Sanbercode - Quality Assurance\Latihan JMeter\apache-jmeter-5.6.3\lib\ext\tag-jmeter-extn-1.1.jar with filter ExtendsClassFilter [parents=[interface org.apache.jmeter.gui.plugin.MenuCreator], inner=false, contains=null, notContains=null]. Consider exposing JMeter plugins via META-INF/services, and add JMeter-Skip-Class-Scanning=true manifest attribute so JMeter can skip classfile scanning
2025-02-04 20:46:11,321 INFO o.a.j.s.FileServer: Default base='E:\Pelatihan\Sanbercode - Quality Assurance\Final Project QA\File_Project'
2025-02-04 20:46:11,323 INFO o.a.j.g.a.Load: Loading file: E:\Pelatihan\Sanbercode - Quality Assurance\Final Project QA\Project Folder\Contact List App - Load Test.jmx
2025-02-04 20:46:11,323 INFO o.a.j.s.FileServer: Set new base='E:\Pelatihan\Sanbercode - Quality Assurance\Final Project QA\Project Folder'
2025-02-04 20:46:11,548 INFO o.a.j.s.SaveService: Testplan (JMX) version: 2.2. Testlog (JTL) version: 2.2
2025-02-04 20:46:11,582 INFO o.a.j.s.SaveService: Using SaveService properties version 5.0
2025-02-04 20:46:11,583 INFO o.a.j.s.SaveService: Using SaveService properties file encoding UTF-8
2025-02-04 20:46:11,585 INFO o.a.j.s.SaveService: Loading file: E:\Pelatihan\Sanbercode - Quality Assurance\Final Project QA\Project Folder\Contact List App - Load Test.jmx
2025-02-04 20:46:11,585 WARN o.a.j.g.a.Load: Error reading file. java.io.FileNotFoundException: E:\Pelatihan\Sanbercode - Quality Assurance\Final Project QA\Project Folder\Contact List App - Load Test.jmx (The system cannot find the path specified)
2025-02-04 20:46:11,585 ERROR o.a.j.u.JMeterUtils: E:\Pelatihan\Sanbercode - Quality Assurance\Final Project QA\Project Folder\Contact List App - Load Test.jmx (The system cannot find the path specified)
2025-02-04 20:46:18,061 INFO o.a.j.g.a.Load: Loading file: E:\Pelatihan\Sanbercode - Quality Assurance\Final Project QA\Project Folder\Contact List App - Load Test.jmx
2025-02-04 20:46:18,062 INFO o.a.j.s.FileServer: Set new base='E:\Pelatihan\Sanbercode - Quality Assurance\Final Project QA\Project Folder'
2025-02-04 20:46:18,062 INFO o.a.j.s.SaveService: Loading file: E:\Pelatihan\Sanbercode - Quality Assurance\Final Project QA\Project Folder\Contact List App - Load Test.jmx
2025-02-04 20:46:18,062 WARN o.a.j.g.a.Load: Error reading file. java.io.FileNotFoundException: E:\Pelatihan\Sanbercode - Quality Assurance\Final Project QA\Project Folder\Contact List App - Load Test.jmx (The system cannot find the path specified)
2025-02-04 20:46:18,062 ERROR o.a.j.u.JMeterUtils: E:\Pelatihan\Sanbercode - Quality Assurance\Final Project QA\Project Folder\Contact List App - Load Test.jmx (The system cannot find the path specified)
2025-02-04 20:46:28,425 INFO o.a.j.g.a.Load: Loading file: E:\Pelatihan\Sanbercode - Quality Assurance\Final Project QA\File_Project\Contact List App - Load Test.jmx
2025-02-04 20:46:28,425 INFO o.a.j.s.FileServer: Set new base='E:\Pelatihan\Sanbercode - Quality Assurance\Final Project QA\File_Project'
2025-02-04 20:46:28,425 INFO o.a.j.s.SaveService: Loading file: E:\Pelatihan\Sanbercode - Quality Assurance\Final Project QA\File_Project\Contact List App - Load Test.jmx
2025-02-04 20:46:28,441 INFO o.a.j.p.h.c.CookieManager: Settings: Delete null: true Check: true Allow variable: true Save: false Prefix: COOKIE_
2025-02-04 20:46:28,443 INFO o.a.j.p.h.c.CacheManager: Will only cache the following methods: [GET]
2025-02-04 20:46:28,451 INFO o.a.j.p.h.s.HTTPSamplerBase: Parser for text/html is org.apache.jmeter.protocol.http.parser.LagartoBasedHtmlParser
2025-02-04 20:46:28,451 INFO o.a.j.p.h.s.HTTPSamplerBase: Parser for application/xhtml+xml is org.apache.jmeter.protocol.http.parser.LagartoBasedHtmlParser
2025-02-04 20:46:28,452 INFO o.a.j.p.h.s.HTTPSamplerBase: Parser for application/xml is org.apache.jmeter.protocol.http.parser.LagartoBasedHtmlParser
2025-02-04 20:46:28,452 INFO o.a.j.p.h.s.HTTPSamplerBase: Parser for text/xml is org.apache.jmeter.protocol.http.parser.LagartoBasedHtmlParser
2025-02-04 20:46:28,452 INFO o.a.j.p.h.s.HTTPSamplerBase: Parser for text/vnd.wap.wml is org.apache.jmeter.protocol.http.parser.RegexpHTMLParser
2025-02-04 20:46:28,452 INFO o.a.j.p.h.s.HTTPSamplerBase: Parser for text/css is org.apache.jmeter.protocol.http.parser.CssParser
2025-02-04 20:46:28,670 INFO o.a.j.s.SampleResult: Note: Sample TimeStamps are START times
2025-02-04 20:46:28,671 INFO o.a.j.s.SampleResult: sampleresult.default.encoding is set to UTF-8
2025-02-04 20:46:28,671 INFO o.a.j.s.SampleResult: sampleresult.useNanoTime=true
2025-02-04 20:46:28,671 INFO o.a.j.s.SampleResult: sampleresult.nanoThreadSleep=5000
2025-02-04 20:46:28,742 INFO o.a.j.r.ClassFinder: Will scan jar E:\Pelatihan\Sanbercode - Quality Assurance\Latihan JMeter\apache-jmeter-5.6.3\lib\ext\tag-jmeter-extn-1.1.jar with filter ExtendsClassFilter [parents=[interface org.apache.jmeter.visualizers.ResultRenderer], inner=false, contains=null, notContains=null]. Consider exposing JMeter plugins via META-INF/services, and add JMeter-Skip-Class-Scanning=true manifest attribute so JMeter can skip classfile scanning
2025-02-04 20:46:28,761 INFO o.a.j.r.ClassFinder: Will scan jar E:\Pelatihan\Sanbercode - Quality Assurance\Latihan JMeter\apache-jmeter-5.6.3\lib\ext\tag-jmeter-extn-1.1.jar with filter ExtendsClassFilter [parents=[interface org.apache.jmeter.visualizers.RequestView], inner=false, contains=null, notContains=null]. Consider exposing JMeter plugins via META-INF/services, and add JMeter-Skip-Class-Scanning=true manifest attribute so JMeter can skip classfile scanning
2025-02-04 20:46:28,866 INFO o.a.j.s.FileServer: Set new base='E:\Pelatihan\Sanbercode - Quality Assurance\Final Project QA\File_Project'
2025-02-04 20:55:39,111 INFO o.a.j.e.StandardJMeterEngine: Running the test!
2025-02-04 20:55:39,112 INFO o.a.j.s.SampleEvent: List of sample_variables: []
2025-02-04 20:55:39,112 INFO o.a.j.s.SampleEvent: List of sample_variables: []
2025-02-04 20:55:39,113 INFO o.a.j.e.u.CompoundVariable: Note: Function class names must contain the string: '.functions.'
2025-02-04 20:55:39,113 INFO o.a.j.e.u.CompoundVariable: Note: Function class names must not contain the string: '.gui.'
2025-02-04 20:55:39,147 INFO o.a.j.r.ClassFinder: Will scan jar E:\Pelatihan\Sanbercode - Quality Assurance\Latihan JMeter\apache-jmeter-5.6.3\lib\ext\tag-jmeter-extn-1.1.jar with filter ExtendsClassFilter [parents=[interface org.apache.jmeter.functions.Function], inner=false, contains=null, notContains=null]. Consider exposing JMeter plugins via META-INF/services, and add JMeter-Skip-Class-Scanning=true manifest attribute so JMeter can skip classfile scanning
2025-02-04 20:55:39,151 INFO o.a.j.r.ResultCollector: Folder at E:\Pelatihan\Sanbercode - Quality Assurance\Final Project QA\Project Folder was created
2025-02-04 20:55:39,160 INFO c.t.j.e.c.PropertyReader: Property file reader - loading the properties from E:\Pelatihan\Sanbercode - Quality Assurance\Final Project QA\File_Project\config.properties
2025-02-04 20:55:39,160 INFO o.a.j.g.u.JMeterMenuBar: setRunning(true, *local*)
2025-02-04 20:55:39,194 INFO o.a.j.e.StandardJMeterEngine: Starting ThreadGroup: 1 : Users_LoginUser
2025-02-04 20:55:39,194 INFO o.a.j.e.StandardJMeterEngine: Starting 2 threads for group Users_LoginUser.
2025-02-04 20:55:39,194 INFO o.a.j.e.StandardJMeterEngine: Thread will continue on error
2025-02-04 20:55:39,195 INFO o.a.j.t.ThreadGroup: Starting thread group... number=1 threads=2 ramp-up=1 delayedStart=false
2025-02-04 20:55:39,198 INFO o.a.j.t.ThreadGroup: Started thread group number 1
2025-02-04 20:55:39,198 INFO o.a.j.e.StandardJMeterEngine: All thread groups have been started
2025-02-04 20:55:39,199 INFO o.a.j.t.JMeterThread: Thread started: Users_LoginUser 1-1
2025-02-04 20:55:39,212 INFO o.a.j.p.h.s.HTTPHCAbstractImpl: Local host = redmi-note-9-pro
2025-02-04 20:55:39,217 INFO o.a.j.p.h.s.HTTPHC4Impl: HTTP request retry count = 0
2025-02-04 20:55:39,309 INFO o.a.j.p.h.s.h.LazyLayeredConnectionSocketFactory: Setting up HTTPS TrustAll Socket Factory
2025-02-04 20:55:39,311 INFO o.a.j.u.JsseSSLManager: Using default SSL protocol: TLS
2025-02-04 20:55:39,312 INFO o.a.j.u.JsseSSLManager: SSL session context: per-thread
2025-02-04 20:55:39,674 INFO o.a.j.u.SSLManager: JmeterKeyStore Location:  type JKS
2025-02-04 20:55:39,678 INFO o.a.j.u.SSLManager: KeyStore created OK
2025-02-04 20:55:39,678 WARN o.a.j.u.SSLManager: Keystore file not found, loading empty keystore
2025-02-04 20:55:39,697 INFO o.a.j.t.JMeterThread: Thread started: Users_LoginUser 1-2
2025-02-04 20:55:40,769 INFO o.a.j.t.JMeterThread: Thread is done: Users_LoginUser 1-2
2025-02-04 20:55:40,769 INFO o.a.j.t.JMeterThread: Thread finished: Users_LoginUser 1-2
2025-02-04 20:55:40,852 INFO o.a.j.t.JMeterThread: Thread is done: Users_LoginUser 1-1
2025-02-04 20:55:40,853 INFO o.a.j.t.JMeterThread: Thread finished: Users_LoginUser 1-1
2025-02-04 20:55:40,853 INFO o.a.j.e.StandardJMeterEngine: Notifying test listeners of end of test
2025-02-04 20:55:40,854 INFO o.a.j.g.u.JMeterMenuBar: setRunning(false, *local*)
2025-02-04 21:03:05,919 INFO o.a.j.e.StandardJMeterEngine: Running the test!
2025-02-04 21:03:05,920 INFO o.a.j.s.SampleEvent: List of sample_variables: []
2025-02-04 21:03:05,921 INFO c.t.j.e.c.PropertyReader: Property file reader - loading the properties from E:\Pelatihan\Sanbercode - Quality Assurance\Final Project QA\File_Project\config.properties
2025-02-04 21:03:05,921 INFO o.a.j.g.u.JMeterMenuBar: setRunning(true, *local*)
2025-02-04 21:03:05,953 INFO o.a.j.e.StandardJMeterEngine: Starting ThreadGroup: 1 : Users_LoginUser
2025-02-04 21:03:05,953 INFO o.a.j.e.StandardJMeterEngine: Starting 2 threads for group Users_LoginUser.
2025-02-04 21:03:05,953 INFO o.a.j.e.StandardJMeterEngine: Thread will continue on error
2025-02-04 21:03:05,953 INFO o.a.j.t.ThreadGroup: Starting thread group... number=1 threads=2 ramp-up=1 delayedStart=false
2025-02-04 21:03:05,954 INFO o.a.j.t.ThreadGroup: Started thread group number 1
2025-02-04 21:03:05,954 INFO o.a.j.e.StandardJMeterEngine: All thread groups have been started
2025-02-04 21:03:05,954 INFO o.a.j.t.JMeterThread: Thread started: Users_LoginUser 1-1
2025-02-04 21:03:06,455 INFO o.a.j.t.JMeterThread: Thread started: Users_LoginUser 1-2
2025-02-04 21:03:07,227 INFO o.a.j.t.JMeterThread: Thread is done: Users_LoginUser 1-1
2025-02-04 21:03:07,227 INFO o.a.j.t.JMeterThread: Thread finished: Users_LoginUser 1-1
2025-02-04 21:03:07,685 INFO o.a.j.t.JMeterThread: Thread is done: Users_LoginUser 1-2
2025-02-04 21:03:07,685 INFO o.a.j.t.JMeterThread: Thread finished: Users_LoginUser 1-2
2025-02-04 21:03:07,685 INFO o.a.j.e.StandardJMeterEngine: Notifying test listeners of end of test
2025-02-04 21:03:07,686 INFO o.a.j.g.u.JMeterMenuBar: setRunning(false, *local*)
2025-02-04 21:03:29,038 INFO o.a.j.e.StandardJMeterEngine: Running the test!
2025-02-04 21:03:29,039 INFO o.a.j.s.SampleEvent: List of sample_variables: []
2025-02-04 21:03:29,040 INFO c.t.j.e.c.PropertyReader: Property file reader - loading the properties from E:\Pelatihan\Sanbercode - Quality Assurance\Final Project QA\File_Project\config.properties
2025-02-04 21:03:29,041 INFO o.a.j.g.u.JMeterMenuBar: setRunning(true, *local*)
2025-02-04 21:03:29,070 INFO o.a.j.e.StandardJMeterEngine: Starting ThreadGroup: 1 : Users_LoginUser
2025-02-04 21:03:29,070 INFO o.a.j.e.StandardJMeterEngine: Starting 2 threads for group Users_LoginUser.
2025-02-04 21:03:29,070 INFO o.a.j.e.StandardJMeterEngine: Thread will continue on error
2025-02-04 21:03:29,071 INFO o.a.j.t.ThreadGroup: Starting thread group... number=1 threads=2 ramp-up=1 delayedStart=false
2025-02-04 21:03:29,072 INFO o.a.j.t.ThreadGroup: Started thread group number 1
2025-02-04 21:03:29,072 INFO o.a.j.e.StandardJMeterEngine: All thread groups have been started
2025-02-04 21:03:29,073 INFO o.a.j.t.JMeterThread: Thread started: Users_LoginUser 1-1
2025-02-04 21:03:29,573 INFO o.a.j.t.JMeterThread: Thread started: Users_LoginUser 1-2
2025-02-04 21:03:30,147 INFO o.a.j.t.JMeterThread: Thread is done: Users_LoginUser 1-1
2025-02-04 21:03:30,148 INFO o.a.j.t.JMeterThread: Thread finished: Users_LoginUser 1-1
2025-02-04 21:03:30,577 INFO o.a.j.t.JMeterThread: Thread is done: Users_LoginUser 1-2
2025-02-04 21:03:30,577 INFO o.a.j.t.JMeterThread: Thread finished: Users_LoginUser 1-2
2025-02-04 21:03:30,578 INFO o.a.j.e.StandardJMeterEngine: Notifying test listeners of end of test
2025-02-04 21:03:30,578 INFO o.a.j.g.u.JMeterMenuBar: setRunning(false, *local*)
2025-02-04 21:05:07,792 INFO o.a.j.e.StandardJMeterEngine: Running the test!
2025-02-04 21:05:07,792 INFO o.a.j.s.SampleEvent: List of sample_variables: []
2025-02-04 21:05:07,794 INFO c.t.j.e.c.PropertyReader: Property file reader - loading the properties from E:\Pelatihan\Sanbercode - Quality Assurance\Final Project QA\File_Project\config.properties
2025-02-04 21:05:07,794 INFO o.a.j.g.u.JMeterMenuBar: setRunning(true, *local*)
2025-02-04 21:05:07,822 INFO o.a.j.e.StandardJMeterEngine: Starting ThreadGroup: 1 : Users_LoginUser
2025-02-04 21:05:07,822 INFO o.a.j.e.StandardJMeterEngine: Starting 2 threads for group Users_LoginUser.
2025-02-04 21:05:07,822 INFO o.a.j.e.StandardJMeterEngine: Thread will continue on error
2025-02-04 21:05:07,822 INFO o.a.j.t.ThreadGroup: Starting thread group... number=1 threads=2 ramp-up=1 delayedStart=false
2025-02-04 21:05:07,823 INFO o.a.j.t.ThreadGroup: Started thread group number 1
2025-02-04 21:05:07,824 INFO o.a.j.e.StandardJMeterEngine: All thread groups have been started
2025-02-04 21:05:07,825 INFO o.a.j.t.JMeterThread: Thread started: Users_LoginUser 1-1
2025-02-04 21:05:08,324 INFO o.a.j.t.JMeterThread: Thread started: Users_LoginUser 1-2
2025-02-04 21:05:09,117 ERROR o.a.j.e.j.j.JSONPostProcessor: Error processing JSON content in Extract Token Value, message: json can not be null or empty
2025-02-04 21:05:09,118 INFO o.a.j.t.JMeterThread: Thread is done: Users_LoginUser 1-1
2025-02-04 21:05:09,118 INFO o.a.j.t.JMeterThread: Thread finished: Users_LoginUser 1-1
2025-02-04 21:05:09,590 ERROR o.a.j.e.j.j.JSONPostProcessor: Error processing JSON content in Extract Token Value, message: json can not be null or empty
2025-02-04 21:05:09,591 INFO o.a.j.t.JMeterThread: Thread is done: Users_LoginUser 1-2
2025-02-04 21:05:09,591 INFO o.a.j.t.JMeterThread: Thread finished: Users_LoginUser 1-2
2025-02-04 21:05:09,591 INFO o.a.j.e.StandardJMeterEngine: Notifying test listeners of end of test
2025-02-04 21:05:09,592 INFO o.a.j.g.u.JMeterMenuBar: setRunning(false, *local*)
2025-02-04 21:05:45,841 INFO o.a.j.e.StandardJMeterEngine: Running the test!
2025-02-04 21:05:45,842 INFO o.a.j.s.SampleEvent: List of sample_variables: []
2025-02-04 21:05:45,843 INFO c.t.j.e.c.PropertyReader: Property file reader - loading the properties from E:\Pelatihan\Sanbercode - Quality Assurance\Final Project QA\File_Project\config.properties
2025-02-04 21:05:45,844 INFO o.a.j.g.u.JMeterMenuBar: setRunning(true, *local*)
2025-02-04 21:05:45,872 INFO o.a.j.e.StandardJMeterEngine: Starting ThreadGroup: 1 : Users_LoginUser
2025-02-04 21:05:45,873 INFO o.a.j.e.StandardJMeterEngine: Starting 2 threads for group Users_LoginUser.
2025-02-04 21:05:45,873 INFO o.a.j.e.StandardJMeterEngine: Thread will continue on error
2025-02-04 21:05:45,873 INFO o.a.j.t.ThreadGroup: Starting thread group... number=1 threads=2 ramp-up=1 delayedStart=false
2025-02-04 21:05:45,875 INFO o.a.j.t.ThreadGroup: Started thread group number 1
2025-02-04 21:05:45,875 INFO o.a.j.e.StandardJMeterEngine: All thread groups have been started
2025-02-04 21:05:45,875 INFO o.a.j.t.JMeterThread: Thread started: Users_LoginUser 1-1
2025-02-04 21:05:46,376 INFO o.a.j.t.JMeterThread: Thread started: Users_LoginUser 1-2
2025-02-04 21:05:47,157 ERROR o.a.j.e.j.j.JSONPostProcessor: Error processing JSON content in Extract Token Value, message: json can not be null or empty
2025-02-04 21:05:47,158 INFO o.a.j.t.JMeterThread: Thread is done: Users_LoginUser 1-1
2025-02-04 21:05:47,158 INFO o.a.j.t.JMeterThread: Thread finished: Users_LoginUser 1-1
2025-02-04 21:05:48,447 ERROR o.a.j.e.j.j.JSONPostProcessor: Error processing JSON content in Extract Token Value, message: json can not be null or empty
2025-02-04 21:05:48,447 INFO o.a.j.t.JMeterThread: Thread is done: Users_LoginUser 1-2
2025-02-04 21:05:48,447 INFO o.a.j.t.JMeterThread: Thread finished: Users_LoginUser 1-2
2025-02-04 21:05:48,448 INFO o.a.j.e.StandardJMeterEngine: Notifying test listeners of end of test
2025-02-04 21:05:48,449 INFO o.a.j.g.u.JMeterMenuBar: setRunning(false, *local*)
2025-02-04 21:08:07,585 INFO o.a.j.e.StandardJMeterEngine: Running the test!
2025-02-04 21:08:07,585 INFO o.a.j.s.SampleEvent: List of sample_variables: []
2025-02-04 21:08:07,586 INFO c.t.j.e.c.PropertyReader: Property file reader - loading the properties from E:\Pelatihan\Sanbercode - Quality Assurance\Final Project QA\File_Project\config.properties
2025-02-04 21:08:07,587 INFO o.a.j.g.u.JMeterMenuBar: setRunning(true, *local*)
2025-02-04 21:08:07,610 INFO o.a.j.e.StandardJMeterEngine: Starting ThreadGroup: 1 : Users_LoginUser
2025-02-04 21:08:07,611 INFO o.a.j.e.StandardJMeterEngine: Starting 2 threads for group Users_LoginUser.
2025-02-04 21:08:07,611 INFO o.a.j.e.StandardJMeterEngine: Thread will continue on error
2025-02-04 21:08:07,611 INFO o.a.j.t.ThreadGroup: Starting thread group... number=1 threads=2 ramp-up=1 delayedStart=false
2025-02-04 21:08:07,612 INFO o.a.j.t.ThreadGroup: Started thread group number 1
2025-02-04 21:08:07,612 INFO o.a.j.e.StandardJMeterEngine: All thread groups have been started
2025-02-04 21:08:07,612 INFO o.a.j.t.JMeterThread: Thread started: Users_LoginUser 1-1
2025-02-04 21:08:08,112 INFO o.a.j.t.JMeterThread: Thread started: Users_LoginUser 1-2
2025-02-04 21:08:08,866 INFO o.a.j.t.JMeterThread: Thread is done: Users_LoginUser 1-1
2025-02-04 21:08:08,866 INFO o.a.j.t.JMeterThread: Thread finished: Users_LoginUser 1-1
2025-02-04 21:08:09,373 INFO o.a.j.t.JMeterThread: Thread is done: Users_LoginUser 1-2
2025-02-04 21:08:09,373 INFO o.a.j.t.JMeterThread: Thread finished: Users_LoginUser 1-2
2025-02-04 21:08:09,373 INFO o.a.j.e.StandardJMeterEngine: Notifying test listeners of end of test
2025-02-04 21:08:09,374 INFO o.a.j.g.u.JMeterMenuBar: setRunning(false, *local*)
2025-02-04 21:10:21,071 INFO o.a.j.e.StandardJMeterEngine: Running the test!
2025-02-04 21:10:21,071 INFO o.a.j.s.SampleEvent: List of sample_variables: []
2025-02-04 21:10:21,073 INFO c.t.j.e.c.PropertyReader: Property file reader - loading the properties from E:\Pelatihan\Sanbercode - Quality Assurance\Final Project QA\File_Project\config.properties
2025-02-04 21:10:21,073 INFO o.a.j.g.u.JMeterMenuBar: setRunning(true, *local*)
2025-02-04 21:10:21,099 INFO o.a.j.e.StandardJMeterEngine: Starting ThreadGroup: 1 : Users_LoginUser
2025-02-04 21:10:21,100 INFO o.a.j.e.StandardJMeterEngine: Starting 2 threads for group Users_LoginUser.
2025-02-04 21:10:21,100 INFO o.a.j.e.StandardJMeterEngine: Thread will continue on error
2025-02-04 21:10:21,100 INFO o.a.j.t.ThreadGroup: Starting thread group... number=1 threads=2 ramp-up=1 delayedStart=false
2025-02-04 21:10:21,101 INFO o.a.j.t.ThreadGroup: Started thread group number 1
2025-02-04 21:10:21,101 INFO o.a.j.e.StandardJMeterEngine: All thread groups have been started
2025-02-04 21:10:21,101 INFO o.a.j.t.JMeterThread: Thread started: Users_LoginUser 1-1
2025-02-04 21:10:21,605 INFO o.a.j.t.JMeterThread: Thread started: Users_LoginUser 1-2
2025-02-04 21:10:22,369 INFO o.a.j.t.JMeterThread: Thread is done: Users_LoginUser 1-1
2025-02-04 21:10:22,370 INFO o.a.j.t.JMeterThread: Thread finished: Users_LoginUser 1-1
2025-02-04 21:10:22,661 INFO o.a.j.t.JMeterThread: Thread is done: Users_LoginUser 1-2
2025-02-04 21:10:22,661 INFO o.a.j.t.JMeterThread: Thread finished: Users_LoginUser 1-2
2025-02-04 21:10:22,662 INFO o.a.j.e.StandardJMeterEngine: Notifying test listeners of end of test
2025-02-04 21:10:22,662 INFO o.a.j.g.u.JMeterMenuBar: setRunning(false, *local*)
2025-02-04 21:10:29,648 INFO o.a.j.e.StandardJMeterEngine: Running the test!
2025-02-04 21:10:29,649 INFO o.a.j.s.SampleEvent: List of sample_variables: []
2025-02-04 21:10:29,650 INFO c.t.j.e.c.PropertyReader: Property file reader - loading the properties from E:\Pelatihan\Sanbercode - Quality Assurance\Final Project QA\File_Project\config.properties
2025-02-04 21:10:29,650 INFO o.a.j.g.u.JMeterMenuBar: setRunning(true, *local*)
2025-02-04 21:10:29,674 INFO o.a.j.e.StandardJMeterEngine: Starting ThreadGroup: 1 : Users_LoginUser
2025-02-04 21:10:29,675 INFO o.a.j.e.StandardJMeterEngine: Starting 2 threads for group Users_LoginUser.
2025-02-04 21:10:29,675 INFO o.a.j.e.StandardJMeterEngine: Thread will continue on error
2025-02-04 21:10:29,675 INFO o.a.j.t.ThreadGroup: Starting thread group... number=1 threads=2 ramp-up=1 delayedStart=false
2025-02-04 21:10:29,676 INFO o.a.j.t.ThreadGroup: Started thread group number 1
2025-02-04 21:10:29,676 INFO o.a.j.e.StandardJMeterEngine: All thread groups have been started
2025-02-04 21:10:29,676 INFO o.a.j.t.JMeterThread: Thread started: Users_LoginUser 1-1
2025-02-04 21:10:30,176 INFO o.a.j.t.JMeterThread: Thread started: Users_LoginUser 1-2
2025-02-04 21:10:30,932 INFO o.a.j.t.JMeterThread: Thread is done: Users_LoginUser 1-1
2025-02-04 21:10:30,932 INFO o.a.j.t.JMeterThread: Thread finished: Users_LoginUser 1-1
2025-02-04 21:10:31,200 INFO o.a.j.t.JMeterThread: Thread is done: Users_LoginUser 1-2
2025-02-04 21:10:31,200 INFO o.a.j.t.JMeterThread: Thread finished: Users_LoginUser 1-2
2025-02-04 21:10:31,200 INFO o.a.j.e.StandardJMeterEngine: Notifying test listeners of end of test
2025-02-04 21:10:31,201 INFO o.a.j.g.u.JMeterMenuBar: setRunning(false, *local*)
2025-02-04 21:11:48,026 INFO o.a.j.e.StandardJMeterEngine: Running the test!
2025-02-04 21:11:48,027 INFO o.a.j.s.SampleEvent: List of sample_variables: []
2025-02-04 21:11:48,028 INFO c.t.j.e.c.PropertyReader: Property file reader - loading the properties from E:\Pelatihan\Sanbercode - Quality Assurance\Final Project QA\File_Project\config.properties
2025-02-04 21:11:48,029 INFO o.a.j.g.u.JMeterMenuBar: setRunning(true, *local*)
2025-02-04 21:11:48,054 INFO o.a.j.e.StandardJMeterEngine: Starting ThreadGroup: 1 : Users_LoginUser
2025-02-04 21:11:48,055 INFO o.a.j.e.StandardJMeterEngine: Starting 2 threads for group Users_LoginUser.
2025-02-04 21:11:48,055 INFO o.a.j.e.StandardJMeterEngine: Thread will continue on error
2025-02-04 21:11:48,055 INFO o.a.j.t.ThreadGroup: Starting thread group... number=1 threads=2 ramp-up=1 delayedStart=false
2025-02-04 21:11:48,056 INFO o.a.j.t.ThreadGroup: Started thread group number 1
2025-02-04 21:11:48,056 INFO o.a.j.e.StandardJMeterEngine: All thread groups have been started
2025-02-04 21:11:48,056 INFO o.a.j.t.JMeterThread: Thread started: Users_LoginUser 1-1
2025-02-04 21:11:48,556 INFO o.a.j.t.JMeterThread: Thread started: Users_LoginUser 1-2
2025-02-04 21:11:49,376 INFO o.a.j.t.JMeterThread: Thread is done: Users_LoginUser 1-1
2025-02-04 21:11:49,376 INFO o.a.j.t.JMeterThread: Thread finished: Users_LoginUser 1-1
2025-02-04 21:11:49,806 INFO o.a.j.t.JMeterThread: Thread is done: Users_LoginUser 1-2
2025-02-04 21:11:49,806 INFO o.a.j.t.JMeterThread: Thread finished: Users_LoginUser 1-2
2025-02-04 21:11:49,807 INFO o.a.j.e.StandardJMeterEngine: Notifying test listeners of end of test
2025-02-04 21:11:49,807 INFO o.a.j.g.u.JMeterMenuBar: setRunning(false, *local*)
2025-02-04 21:26:16,740 INFO o.a.j.e.StandardJMeterEngine: Running the test!
2025-02-04 21:26:16,741 INFO o.a.j.s.SampleEvent: List of sample_variables: []
2025-02-04 21:26:16,742 INFO c.t.j.e.c.PropertyReader: Property file reader - loading the properties from E:\Pelatihan\Sanbercode - Quality Assurance\Final Project QA\File_Project\config.properties
2025-02-04 21:26:16,742 INFO o.a.j.g.u.JMeterMenuBar: setRunning(true, *local*)
2025-02-04 21:26:16,768 INFO o.a.j.e.StandardJMeterEngine: Starting ThreadGroup: 1 : Users_LoginUser
2025-02-04 21:26:16,768 INFO o.a.j.e.StandardJMeterEngine: Starting 2 threads for group Users_LoginUser.
2025-02-04 21:26:16,768 INFO o.a.j.e.StandardJMeterEngine: Thread will continue on error
2025-02-04 21:26:16,768 INFO o.a.j.t.ThreadGroup: Starting thread group... number=1 threads=2 ramp-up=1 delayedStart=false
2025-02-04 21:26:16,769 INFO o.a.j.t.ThreadGroup: Started thread group number 1
2025-02-04 21:26:16,769 INFO o.a.j.e.StandardJMeterEngine: All thread groups have been started
2025-02-04 21:26:16,769 INFO o.a.j.t.JMeterThread: Thread started: Users_LoginUser 1-1
2025-02-04 21:26:17,269 INFO o.a.j.t.JMeterThread: Thread started: Users_LoginUser 1-2
2025-02-04 21:26:18,046 INFO o.a.j.t.JMeterThread: Thread is done: Users_LoginUser 1-1
2025-02-04 21:26:18,046 INFO o.a.j.t.JMeterThread: Thread finished: Users_LoginUser 1-1
2025-02-04 21:26:18,313 INFO o.a.j.t.JMeterThread: Thread is done: Users_LoginUser 1-2
2025-02-04 21:26:18,313 INFO o.a.j.t.JMeterThread: Thread finished: Users_LoginUser 1-2
2025-02-04 21:26:18,313 INFO o.a.j.e.StandardJMeterEngine: Notifying test listeners of end of test
2025-02-04 21:26:18,314 INFO o.a.j.g.u.JMeterMenuBar: setRunning(false, *local*)
2025-02-04 21:27:07,181 INFO o.a.j.e.StandardJMeterEngine: Running the test!
2025-02-04 21:27:07,181 INFO o.a.j.s.SampleEvent: List of sample_variables: []
2025-02-04 21:27:07,183 INFO c.t.j.e.c.PropertyReader: Property file reader - loading the properties from E:\Pelatihan\Sanbercode - Quality Assurance\Final Project QA\File_Project\config.properties
2025-02-04 21:27:07,183 INFO o.a.j.g.u.JMeterMenuBar: setRunning(true, *local*)
2025-02-04 21:27:07,216 INFO o.a.j.e.StandardJMeterEngine: Starting ThreadGroup: 1 : Users_LoginUser
2025-02-04 21:27:07,216 INFO o.a.j.e.StandardJMeterEngine: Starting 2 threads for group Users_LoginUser.
2025-02-04 21:27:07,216 INFO o.a.j.e.StandardJMeterEngine: Thread will continue on error
2025-02-04 21:27:07,217 INFO o.a.j.t.ThreadGroup: Starting thread group... number=1 threads=2 ramp-up=1 delayedStart=false
2025-02-04 21:27:07,218 INFO o.a.j.t.ThreadGroup: Started thread group number 1
2025-02-04 21:27:07,218 INFO o.a.j.e.StandardJMeterEngine: All thread groups have been started
2025-02-04 21:27:07,218 INFO o.a.j.t.JMeterThread: Thread started: Users_LoginUser 1-1
2025-02-04 21:27:07,731 INFO o.a.j.t.JMeterThread: Thread started: Users_LoginUser 1-2
2025-02-04 21:27:08,451 INFO o.a.j.t.JMeterThread: Thread is done: Users_LoginUser 1-1
2025-02-04 21:27:08,451 INFO o.a.j.t.JMeterThread: Thread finished: Users_LoginUser 1-1
2025-02-04 21:27:08,791 INFO o.a.j.t.JMeterThread: Thread is done: Users_LoginUser 1-2
2025-02-04 21:27:08,791 INFO o.a.j.t.JMeterThread: Thread finished: Users_LoginUser 1-2
2025-02-04 21:27:08,791 INFO o.a.j.e.StandardJMeterEngine: Notifying test listeners of end of test
2025-02-04 21:27:08,792 INFO o.a.j.g.u.JMeterMenuBar: setRunning(false, *local*)
2025-02-04 21:39:34,230 INFO o.a.j.e.StandardJMeterEngine: Running the test!
2025-02-04 21:39:34,230 INFO o.a.j.s.SampleEvent: List of sample_variables: []
2025-02-04 21:39:34,232 INFO o.a.j.r.ResultCollector: Folder at E:\Pelatihan\Sanbercode - Quality Assurance\Final Project QA\Project Folder was created
2025-02-04 21:39:34,232 INFO c.t.j.e.c.PropertyReader: Property file reader - loading the properties from E:\Pelatihan\Sanbercode - Quality Assurance\Final Project QA\File_Project\config.properties
2025-02-04 21:39:34,232 INFO o.a.j.g.u.JMeterMenuBar: setRunning(true, *local*)
2025-02-04 21:39:34,265 INFO o.a.j.e.StandardJMeterEngine: Starting ThreadGroup: 1 : Users_LoginUser
2025-02-04 21:39:34,265 INFO o.a.j.e.StandardJMeterEngine: Starting 2 threads for group Users_LoginUser.
2025-02-04 21:39:34,265 INFO o.a.j.e.StandardJMeterEngine: Thread will continue on error
2025-02-04 21:39:34,265 INFO o.a.j.t.ThreadGroup: Starting thread group... number=1 threads=2 ramp-up=1 delayedStart=false
2025-02-04 21:39:34,266 INFO o.a.j.t.ThreadGroup: Started thread group number 1
2025-02-04 21:39:34,266 INFO o.a.j.e.StandardJMeterEngine: All thread groups have been started
2025-02-04 21:39:34,269 INFO o.a.j.t.JMeterThread: Thread started: Users_LoginUser 1-1
2025-02-04 21:39:34,270 INFO o.a.j.s.FileServer: Stored: E:/Pelatihan/Sanbercode - Quality Assurance/Final Project QA/File_Project/LoginUser.csv
2025-02-04 21:39:34,769 INFO o.a.j.t.JMeterThread: Thread started: Users_LoginUser 1-2
2025-02-04 21:39:35,948 INFO o.a.j.t.JMeterThread: Thread is done: Users_LoginUser 1-1
2025-02-04 21:39:35,948 INFO o.a.j.t.JMeterThread: Thread finished: Users_LoginUser 1-1
2025-02-04 21:39:36,015 INFO o.a.j.t.JMeterThread: Thread is done: Users_LoginUser 1-2
2025-02-04 21:39:36,015 INFO o.a.j.t.JMeterThread: Thread finished: Users_LoginUser 1-2
2025-02-04 21:39:36,015 INFO o.a.j.e.StandardJMeterEngine: Notifying test listeners of end of test
2025-02-04 21:39:36,015 INFO o.a.j.s.FileServer: Close: E:/Pelatihan/Sanbercode - Quality Assurance/Final Project QA/File_Project/LoginUser.csv
2025-02-04 21:39:36,016 INFO o.a.j.g.u.JMeterMenuBar: setRunning(false, *local*)
2025-02-04 21:40:51,280 INFO o.a.j.e.StandardJMeterEngine: Running the test!
2025-02-04 21:40:51,280 INFO o.a.j.s.SampleEvent: List of sample_variables: []
2025-02-04 21:40:51,281 INFO c.t.j.e.c.PropertyReader: Property file reader - loading the properties from E:\Pelatihan\Sanbercode - Quality Assurance\Final Project QA\File_Project\config.properties
2025-02-04 21:40:51,281 INFO o.a.j.g.u.JMeterMenuBar: setRunning(true, *local*)
2025-02-04 21:40:51,311 INFO o.a.j.e.StandardJMeterEngine: Starting ThreadGroup: 1 : Users_LoginUser
2025-02-04 21:40:51,312 INFO o.a.j.e.StandardJMeterEngine: Starting 2 threads for group Users_LoginUser.
2025-02-04 21:40:51,312 INFO o.a.j.e.StandardJMeterEngine: Thread will continue on error
2025-02-04 21:40:51,312 INFO o.a.j.t.ThreadGroup: Starting thread group... number=1 threads=2 ramp-up=1 delayedStart=false
2025-02-04 21:40:51,312 INFO o.a.j.t.ThreadGroup: Started thread group number 1
2025-02-04 21:40:51,313 INFO o.a.j.e.StandardJMeterEngine: All thread groups have been started
2025-02-04 21:40:51,313 INFO o.a.j.t.JMeterThread: Thread started: Users_LoginUser 1-1
2025-02-04 21:40:51,313 INFO o.a.j.s.FileServer: Stored: E:/Pelatihan/Sanbercode - Quality Assurance/Final Project QA/File_Project/LoginUser.csv
2025-02-04 21:40:51,814 INFO o.a.j.t.JMeterThread: Thread started: Users_LoginUser 1-2
2025-02-04 21:40:52,716 INFO o.a.j.t.JMeterThread: Thread is done: Users_LoginUser 1-1
2025-02-04 21:40:52,716 INFO o.a.j.t.JMeterThread: Thread finished: Users_LoginUser 1-1
2025-02-04 21:40:53,427 INFO o.a.j.t.JMeterThread: Thread is done: Users_LoginUser 1-2
2025-02-04 21:40:53,427 INFO o.a.j.t.JMeterThread: Thread finished: Users_LoginUser 1-2
2025-02-04 21:40:53,427 INFO o.a.j.e.StandardJMeterEngine: Notifying test listeners of end of test
2025-02-04 21:40:53,427 INFO o.a.j.s.FileServer: Close: E:/Pelatihan/Sanbercode - Quality Assurance/Final Project QA/File_Project/LoginUser.csv
2025-02-04 21:40:53,427 INFO o.a.j.g.u.JMeterMenuBar: setRunning(false, *local*)
2025-02-04 21:41:27,679 INFO o.a.j.e.StandardJMeterEngine: Running the test!
2025-02-04 21:41:27,679 INFO o.a.j.s.SampleEvent: List of sample_variables: []
2025-02-04 21:41:27,680 INFO c.t.j.e.c.PropertyReader: Property file reader - loading the properties from E:\Pelatihan\Sanbercode - Quality Assurance\Final Project QA\File_Project\config.properties
2025-02-04 21:41:27,681 INFO o.a.j.g.u.JMeterMenuBar: setRunning(true, *local*)
2025-02-04 21:41:27,705 INFO o.a.j.e.StandardJMeterEngine: Starting ThreadGroup: 1 : Users_LoginUser
2025-02-04 21:41:27,705 INFO o.a.j.e.StandardJMeterEngine: Starting 2 threads for group Users_LoginUser.
2025-02-04 21:41:27,705 INFO o.a.j.e.StandardJMeterEngine: Thread will continue on error
2025-02-04 21:41:27,705 INFO o.a.j.t.ThreadGroup: Starting thread group... number=1 threads=2 ramp-up=1 delayedStart=false
2025-02-04 21:41:27,706 INFO o.a.j.t.ThreadGroup: Started thread group number 1
2025-02-04 21:41:27,706 INFO o.a.j.e.StandardJMeterEngine: All thread groups have been started
2025-02-04 21:41:27,706 INFO o.a.j.t.JMeterThread: Thread started: Users_LoginUser 1-1
2025-02-04 21:41:28,215 INFO o.a.j.t.JMeterThread: Thread started: Users_LoginUser 1-2
2025-02-04 21:41:29,652 INFO o.a.j.t.JMeterThread: Thread is done: Users_LoginUser 1-2
2025-02-04 21:41:29,652 INFO o.a.j.t.JMeterThread: Thread finished: Users_LoginUser 1-2
2025-02-04 21:41:29,822 INFO o.a.j.t.JMeterThread: Thread is done: Users_LoginUser 1-1
2025-02-04 21:41:29,822 INFO o.a.j.t.JMeterThread: Thread finished: Users_LoginUser 1-1
2025-02-04 21:41:29,822 INFO o.a.j.e.StandardJMeterEngine: Notifying test listeners of end of test
2025-02-04 21:41:29,823 INFO o.a.j.g.u.JMeterMenuBar: setRunning(false, *local*)
2025-02-04 21:43:51,367 INFO o.a.j.e.StandardJMeterEngine: Running the test!
2025-02-04 21:43:51,368 INFO o.a.j.s.SampleEvent: List of sample_variables: []
2025-02-04 21:43:51,369 INFO c.t.j.e.c.PropertyReader: Property file reader - loading the properties from E:\Pelatihan\Sanbercode - Quality Assurance\Final Project QA\File_Project\config.properties
2025-02-04 21:43:51,369 INFO o.a.j.g.u.JMeterMenuBar: setRunning(true, *local*)
2025-02-04 21:43:51,397 INFO o.a.j.e.StandardJMeterEngine: Starting ThreadGroup: 1 : Users_LoginUser
2025-02-04 21:43:51,398 INFO o.a.j.e.StandardJMeterEngine: Starting 2 threads for group Users_LoginUser.
2025-02-04 21:43:51,398 INFO o.a.j.e.StandardJMeterEngine: Thread will continue on error
2025-02-04 21:43:51,398 INFO o.a.j.t.ThreadGroup: Starting thread group... number=1 threads=2 ramp-up=1 delayedStart=false
2025-02-04 21:43:51,399 INFO o.a.j.t.ThreadGroup: Started thread group number 1
2025-02-04 21:43:51,399 INFO o.a.j.e.StandardJMeterEngine: All thread groups have been started
2025-02-04 21:43:51,399 INFO o.a.j.t.JMeterThread: Thread started: Users_LoginUser 1-1
2025-02-04 21:43:51,905 INFO o.a.j.t.JMeterThread: Thread started: Users_LoginUser 1-2
2025-02-04 21:43:52,430 INFO o.a.j.t.JMeterThread: Thread is done: Users_LoginUser 1-1
2025-02-04 21:43:52,430 INFO o.a.j.t.JMeterThread: Thread finished: Users_LoginUser 1-1
2025-02-04 21:43:53,145 INFO o.a.j.t.JMeterThread: Thread is done: Users_LoginUser 1-2
2025-02-04 21:43:53,145 INFO o.a.j.t.JMeterThread: Thread finished: Users_LoginUser 1-2
2025-02-04 21:43:53,145 INFO o.a.j.e.StandardJMeterEngine: Notifying test listeners of end of test
2025-02-04 21:43:53,146 INFO o.a.j.g.u.JMeterMenuBar: setRunning(false, *local*)
2025-02-04 21:50:46,811 INFO o.a.j.e.StandardJMeterEngine: Running the test!
2025-02-04 21:50:46,811 INFO o.a.j.s.SampleEvent: List of sample_variables: []
2025-02-04 21:50:46,812 INFO c.t.j.e.c.PropertyReader: Property file reader - loading the properties from E:\Pelatihan\Sanbercode - Quality Assurance\Final Project QA\File_Project\config.properties
2025-02-04 21:50:46,813 INFO o.a.j.g.u.JMeterMenuBar: setRunning(true, *local*)
2025-02-04 21:50:46,844 INFO o.a.j.e.StandardJMeterEngine: Starting ThreadGroup: 1 : Users_LoginUser
2025-02-04 21:50:46,844 INFO o.a.j.e.StandardJMeterEngine: Starting 2 threads for group Users_LoginUser.
2025-02-04 21:50:46,844 INFO o.a.j.e.StandardJMeterEngine: Thread will continue on error
2025-02-04 21:50:46,844 INFO o.a.j.t.ThreadGroup: Starting thread group... number=1 threads=2 ramp-up=1 delayedStart=false
2025-02-04 21:50:46,845 INFO o.a.j.t.ThreadGroup: Started thread group number 1
2025-02-04 21:50:46,845 INFO o.a.j.e.StandardJMeterEngine: All thread groups have been started
2025-02-04 21:50:46,846 INFO o.a.j.t.JMeterThread: Thread started: Users_LoginUser 1-1
2025-02-04 21:50:47,346 INFO o.a.j.t.JMeterThread: Thread started: Users_LoginUser 1-2
2025-02-04 21:50:48,596 INFO o.a.j.t.JMeterThread: Thread is done: Users_LoginUser 1-2
2025-02-04 21:50:48,596 INFO o.a.j.t.JMeterThread: Thread finished: Users_LoginUser 1-2
2025-02-04 21:50:48,931 INFO o.a.j.t.JMeterThread: Thread is done: Users_LoginUser 1-1
2025-02-04 21:50:48,931 INFO o.a.j.t.JMeterThread: Thread finished: Users_LoginUser 1-1
2025-02-04 21:50:48,932 INFO o.a.j.e.StandardJMeterEngine: Notifying test listeners of end of test
2025-02-04 21:50:48,932 INFO o.a.j.g.u.JMeterMenuBar: setRunning(false, *local*)
2025-02-04 21:59:32,425 INFO o.a.j.e.StandardJMeterEngine: Running the test!
2025-02-04 21:59:32,426 INFO o.a.j.s.SampleEvent: List of sample_variables: []
2025-02-04 21:59:32,427 INFO c.t.j.e.c.PropertyReader: Property file reader - loading the properties from E:\Pelatihan\Sanbercode - Quality Assurance\Final Project QA\File_Project\config.properties
2025-02-04 21:59:32,427 INFO o.a.j.g.u.JMeterMenuBar: setRunning(true, *local*)
2025-02-04 21:59:32,452 INFO o.a.j.e.StandardJMeterEngine: Starting ThreadGroup: 1 : Users_LoginUser
2025-02-04 21:59:32,453 INFO o.a.j.e.StandardJMeterEngine: Starting 2 threads for group Users_LoginUser.
2025-02-04 21:59:32,453 INFO o.a.j.e.StandardJMeterEngine: Thread will continue on error
2025-02-04 21:59:32,453 INFO o.a.j.t.ThreadGroup: Starting thread group... number=1 threads=2 ramp-up=1 delayedStart=false
2025-02-04 21:59:32,454 INFO o.a.j.t.ThreadGroup: Started thread group number 1
2025-02-04 21:59:32,454 INFO o.a.j.e.StandardJMeterEngine: All thread groups have been started
2025-02-04 21:59:32,454 INFO o.a.j.t.JMeterThread: Thread started: Users_LoginUser 1-1
2025-02-04 21:59:32,956 INFO o.a.j.t.JMeterThread: Thread started: Users_LoginUser 1-2
2025-02-04 21:59:33,800 INFO o.a.j.t.JMeterThread: Thread is done: Users_LoginUser 1-1
2025-02-04 21:59:33,800 INFO o.a.j.t.JMeterThread: Thread finished: Users_LoginUser 1-1
2025-02-04 21:59:34,075 INFO o.a.j.t.JMeterThread: Thread is done: Users_LoginUser 1-2
2025-02-04 21:59:34,075 INFO o.a.j.t.JMeterThread: Thread finished: Users_LoginUser 1-2
2025-02-04 21:59:34,076 INFO o.a.j.e.StandardJMeterEngine: Notifying test listeners of end of test
2025-02-04 21:59:34,076 INFO o.a.j.g.u.JMeterMenuBar: setRunning(false, *local*)
2025-02-04 22:03:28,690 INFO o.a.j.e.StandardJMeterEngine: Running the test!
2025-02-04 22:03:28,691 INFO o.a.j.s.SampleEvent: List of sample_variables: []
2025-02-04 22:03:28,692 INFO c.t.j.e.c.PropertyReader: Property file reader - loading the properties from E:\Pelatihan\Sanbercode - Quality Assurance\Final Project QA\File_Project\config.properties
2025-02-04 22:03:28,692 INFO o.a.j.g.u.JMeterMenuBar: setRunning(true, *local*)
2025-02-04 22:03:28,720 INFO o.a.j.e.StandardJMeterEngine: Starting ThreadGroup: 1 : Users_LoginUser
2025-02-04 22:03:28,720 INFO o.a.j.e.StandardJMeterEngine: Starting 1 threads for group Users_LoginUser.
2025-02-04 22:03:28,720 INFO o.a.j.e.StandardJMeterEngine: Thread will continue on error
2025-02-04 22:03:28,720 INFO o.a.j.t.ThreadGroup: Starting thread group... number=1 threads=1 ramp-up=1 delayedStart=false
2025-02-04 22:03:28,721 INFO o.a.j.t.ThreadGroup: Started thread group number 1
2025-02-04 22:03:28,721 INFO o.a.j.e.StandardJMeterEngine: All thread groups have been started
2025-02-04 22:03:28,721 INFO o.a.j.t.JMeterThread: Thread started: Users_LoginUser 1-1
2025-02-04 22:03:29,894 INFO o.a.j.t.JMeterThread: Thread is done: Users_LoginUser 1-1
2025-02-04 22:03:29,894 INFO o.a.j.t.JMeterThread: Thread finished: Users_LoginUser 1-1
2025-02-04 22:03:29,894 INFO o.a.j.e.StandardJMeterEngine: Notifying test listeners of end of test
2025-02-04 22:03:29,895 INFO o.a.j.g.u.JMeterMenuBar: setRunning(false, *local*)
2025-02-04 22:04:33,115 INFO o.a.j.e.StandardJMeterEngine: Running the test!
2025-02-04 22:04:33,115 INFO o.a.j.s.SampleEvent: List of sample_variables: []
2025-02-04 22:04:33,116 INFO c.t.j.e.c.PropertyReader: Property file reader - loading the properties from E:\Pelatihan\Sanbercode - Quality Assurance\Final Project QA\File_Project\config.properties
2025-02-04 22:04:33,117 INFO o.a.j.g.u.JMeterMenuBar: setRunning(true, *local*)
2025-02-04 22:04:33,143 INFO o.a.j.e.StandardJMeterEngine: Starting ThreadGroup: 1 : Users_LoginUser
2025-02-04 22:04:33,144 INFO o.a.j.e.StandardJMeterEngine: Starting 1 threads for group Users_LoginUser.
2025-02-04 22:04:33,144 INFO o.a.j.e.StandardJMeterEngine: Thread will continue on error
2025-02-04 22:04:33,144 INFO o.a.j.t.ThreadGroup: Starting thread group... number=1 threads=1 ramp-up=1 delayedStart=false
2025-02-04 22:04:33,144 INFO o.a.j.t.ThreadGroup: Started thread group number 1
2025-02-04 22:04:33,144 INFO o.a.j.e.StandardJMeterEngine: All thread groups have been started
2025-02-04 22:04:33,145 INFO o.a.j.t.JMeterThread: Thread started: Users_LoginUser 1-1
2025-02-04 22:04:34,273 INFO o.a.j.t.JMeterThread: Thread is done: Users_LoginUser 1-1
2025-02-04 22:04:34,273 INFO o.a.j.t.JMeterThread: Thread finished: Users_LoginUser 1-1
2025-02-04 22:04:34,274 INFO o.a.j.e.StandardJMeterEngine: Notifying test listeners of end of test
2025-02-04 22:04:34,274 INFO o.a.j.g.u.JMeterMenuBar: setRunning(false, *local*)
